<?xml version="1.0" encoding="UTF-8"?>
<!-- Generated by org.testng.reporters.JUnitReportReporter -->
<testsuite hostname="ONEBIOPDV05X046" name="com.smallcase.testcases.FlipkartAmazonPriceComparisonTest" tests="2" failures="0" timestamp="28 Oct 2021 16:12:14 GMT" time="32.038" errors="0">
  <testcase name="verifyFlipkartProductAvailibility" time="13.247" classname="com.smallcase.testcases.FlipkartAmazonPriceComparisonTest"/>
  <testcase name="compareProductPriceInFlipkartAndAmazon" time="18.791" classname="com.smallcase.testcases.FlipkartAmazonPriceComparisonTest"/>
</testsuite> <!-- com.smallcase.testcases.FlipkartAmazonPriceComparisonTest -->
